14:56:02 scenario.file.loc[Ljava.lang.String;@1460a8c0
14:56:02 loading BDD file: scenarios/suitAdd.bdd
14:56:02 total test found: 1
14:56:02 

Executing scenario: SampleAddition - Sample DataDriven checking
14:56:02 pkg: com.qmetry.qaf.automation.step
14:56:02 pkg: com.apium_calc
14:56:02 Found duplicate step to load [] with [lower] prority then []
14:56:02 
/**
* Auto-generated code snippet by QMetry Automation Framework.
*/
@QAFTestStep(description="I open calculator application")
public void iOpenCalculatorApplication(){
	//TODO: remove NotYetImplementedException and call test steps
	throw new NotYetImplementedException();
}
14:56:02 Competed scenario: SampleAddition with status FAILURE
14:56:22 scenario.file.loc[Ljava.lang.String;@1460a8c0
14:56:22 loading BDD file: scenarios/suitAdd.bdd
14:56:22 total test found: 1
14:56:23 

Executing scenario: SampleAddition - Sample DataDriven checking
14:56:23 pkg: com.qmetry.qaf.automation.step
14:56:23 pkg: com.apium_calc
14:56:23 Found duplicate step to load [] with [lower] prority then []
14:56:23 Invoking Teststep: Given I open calculator application
14:56:23 Completed Teststep: Given I open calculator application
14:56:23 Invoking Teststep: When click on 'button.7' with arguments: [button.7]
14:56:43 Failure Teststep: When click on 'button.7' with arguments: [button.7]
com.qmetry.qaf.automation.core.AutomationError: Timed out after 20 seconds: Unable to create driver instance in 3rd attempt with retry timeout of 20 seconds. You can check/set value of 'driver.init.retry.timeout' appropriately to set retry timeout on driver initialization failure.
null
	at com.qmetry.qaf.automation.ui.UiDriverFactory.getDriverObj(UiDriverFactory.java:261)
	at com.qmetry.qaf.automation.ui.UiDriverFactory.access$4(UiDriverFactory.java:245)
	at com.qmetry.qaf.automation.ui.UiDriverFactory$Browsers.getDriver(UiDriverFactory.java:428)
	at com.qmetry.qaf.automation.ui.UiDriverFactory$Browsers.access$6(UiDriverFactory.java:416)
	at com.qmetry.qaf.automation.ui.UiDriverFactory.getDriver(UiDriverFactory.java:228)
	at com.qmetry.qaf.automation.ui.UiDriverFactory.get(UiDriverFactory.java:94)
	at com.qmetry.qaf.automation.core.QAFTestBase$DriverInitExpectedCondition.apply(QAFTestBase.java:511)
	at com.qmetry.qaf.automation.core.QAFTestBase$DriverInitExpectedCondition.apply(QAFTestBase.java:1)
	at org.openqa.selenium.support.ui.FluentWait.until(FluentWait.java:238)
	at com.qmetry.qaf.automation.core.QAFTestBase.init(QAFTestBase.java:410)
	at com.qmetry.qaf.automation.core.QAFTestBase.getUiDriver(QAFTestBase.java:198)
	at com.qmetry.qaf.automation.ui.WebDriverTestBase.getDriver(WebDriverTestBase.java:47)
	at com.qmetry.qaf.automation.ui.webdriver.QAFExtendedWebElement.<init>(QAFExtendedWebElement.java:122)
	at com.qmetry.qaf.automation.ui.webdriver.QAFExtendedWebElement.<init>(QAFExtendedWebElement.java:132)
	at com.qmetry.qaf.automation.step.CommonStep.getElement(CommonStep.java:597)
	at com.qmetry.qaf.automation.step.CommonStep.click_aroundBody50(CommonStep.java:648)
	at com.qmetry.qaf.automation.step.CommonStep$AjcClosure51.run(CommonStep.java:1)
	at org.aspectj.runtime.reflect.JoinPointImpl.proceed(JoinPointImpl.java:149)
	at com.qmetry.qaf.automation.step.JavaStepReporter.javaTestStep(JavaStepReporter.java:101)
	at com.qmetry.qaf.automation.step.CommonStep.click(CommonStep.java:647)
	at sun.reflect.NativeMethodAccessorImpl.invoke0(Native Method)
	at sun.reflect.NativeMethodAccessorImpl.invoke(NativeMethodAccessorImpl.java:62)
	at sun.reflect.DelegatingMethodAccessorImpl.invoke(DelegatingMethodAccessorImpl.java:43)
	at java.lang.reflect.Method.invoke(Method.java:498)
	at com.qmetry.qaf.automation.step.JavaStep.doExecute(JavaStep.java:160)
	at com.qmetry.qaf.automation.step.BaseTestStep.execute(BaseTestStep.java:149)
	at com.qmetry.qaf.automation.step.StringTestStep.execute(StringTestStep.java:134)
	at com.qmetry.qaf.automation.step.client.Scenario.execute(Scenario.java:167)
	at com.qmetry.qaf.automation.step.client.Scenario.scenario(Scenario.java:219)
	at sun.reflect.NativeMethodAccessorImpl.invoke0(Native Method)
	at sun.reflect.NativeMethodAccessorImpl.invoke(NativeMethodAccessorImpl.java:62)
	at sun.reflect.DelegatingMethodAccessorImpl.invoke(DelegatingMethodAccessorImpl.java:43)
	at java.lang.reflect.Method.invoke(Method.java:498)
	at org.testng.internal.MethodInvocationHelper.invokeMethod(MethodInvocationHelper.java:104)
	at org.testng.internal.Invoker.invokeMethod(Invoker.java:645)
	at org.testng.internal.Invoker.invokeTestMethod(Invoker.java:851)
	at org.testng.internal.Invoker.invokeTestMethods(Invoker.java:1177)
	at org.testng.internal.TestMethodWorker.invokeTestMethods(TestMethodWorker.java:129)
	at org.testng.internal.TestMethodWorker.run(TestMethodWorker.java:112)
	at org.testng.TestRunner.privateRun(TestRunner.java:781)
	at org.testng.TestRunner.run(TestRunner.java:635)
	at org.testng.SuiteRunner.runTest(SuiteRunner.java:387)
	at org.testng.SuiteRunner.runSequentially(SuiteRunner.java:382)
	at org.testng.SuiteRunner.privateRun(SuiteRunner.java:340)
	at org.testng.SuiteRunner.run(SuiteRunner.java:289)
	at org.testng.SuiteRunnerWorker.runSuite(SuiteRunnerWorker.java:52)
	at org.testng.SuiteRunnerWorker.run(SuiteRunnerWorker.java:86)
	at org.testng.TestNG.runSuitesSequentially(TestNG.java:1293)
	at org.testng.TestNG.runSuitesLocally(TestNG.java:1218)
	at org.testng.TestNG.runSuites(TestNG.java:1133)
	at org.testng.TestNG.run(TestNG.java:1104)
	at org.testng.remote.AbstractRemoteTestNG.run(AbstractRemoteTestNG.java:114)
	at org.testng.remote.RemoteTestNG.initAndRun(RemoteTestNG.java:251)
	at org.testng.remote.RemoteTestNG.main(RemoteTestNG.java:77)
14:56:43 Completed Teststep: When click on 'button.7' with arguments: [button.7]
14:56:43 Competed scenario: SampleAddition with status FAILURE
14:56:59 scenario.file.loc[Ljava.lang.String;@1460a8c0
14:56:59 loading BDD file: scenarios/suitAdd.bdd
14:56:59 total test found: 1
14:56:59 

Executing scenario: SampleAddition - Sample DataDriven checking
14:56:59 pkg: com.qmetry.qaf.automation.step
14:56:59 pkg: com.apium_calc
14:56:59 Found duplicate step to load [] with [lower] prority then []
14:56:59 Invoking Teststep: Given I open calculator application
14:56:59 Completed Teststep: Given I open calculator application
14:57:00 Invoking Teststep: When click on 'button.7' with arguments: [button.7]
